Added Component: Designator=C1(C_TANT_A_3216_N)
Added Component: Designator=C2(C0603_N)
Added Component: Designator=C3(C_TANT_A_3216_N)
Added Component: Designator=C4(C0603_N)
Added Component: Designator=C5(C0603_N)
Added Component: Designator=C6(C0603_N)
Added Component: Designator=C7(C0603_N)
Added Component: Designator=C8(C0603_N)
Added Component: Designator=C9(C0603_N)
Added Component: Designator=D1(R0603_N)
Added Component: Designator=D2(R0603_N)
Added Component: Designator=D3(R0603_N)
Added Component: Designator=D4(R0603_N)
Added Component: Designator=D5(R0603_N)
Added Component: Designator=J1(JST-PH-2)
Added Component: Designator=J2(USB_MICRO_SMD)
Added Component: Designator=P1(conn x 3)
Added Component: Designator=P2(conn x 3)
Added Component: Designator=P3(HDR2X3)
Added Component: Designator=P4(conn x 3)
Added Component: Designator=P5(conn x 3)
Added Component: Designator=P6(HDR2X2)
Added Component: Designator=P7(conn x 3)
Added Component: Designator=P8(conn x 3)
Added Component: Designator=P9(conn x 3)
Added Component: Designator=P10(conn x 3)
Added Component: Designator=R1(R0603_N)
Added Component: Designator=R2(R0603_N)
Added Component: Designator=R3(R0603_N)
Added Component: Designator=R4(R0603_N)
Added Component: Designator=R5(R0603_N)
Added Component: Designator=R6(R0603_N)
Added Component: Designator=R7(R0603_N)
Added Component: Designator=SW1(swich_foot)
