Change Component Designator: Old Designator=C6 New Designator=C5
Change Component Designator: Old Designator=C11 New Designator=C6
Change Component Designator: Old Designator=C12 New Designator=C7
Change Component Designator: Old Designator=C13 New Designator=C8
Change Component Designator: Old Designator=C14 New Designator=C9
Change Component Designator: Old Designator=P1 New Designator=P3
Change Component Designator: Old Designator=P2 New Designator=P6
Change Component Designator: Old Designator=P? New Designator=P1
Change Component Designator: Old Designator=P? New Designator=P2
Change Component Designator: Old Designator=P? New Designator=P4
Change Component Designator: Old Designator=P? New Designator=P5
Change Component Designator: Old Designator=P? New Designator=P7
Change Component Designator: Old Designator=P? New Designator=P8
Change Component Designator: Old Designator=P? New Designator=P9
Change Component Designator: Old Designator=P? New Designator=P10
Change Component Designator: Old Designator=R2 New Designator=R1
Change Component Designator: Old Designator=R3 New Designator=R2
Change Component Designator: Old Designator=R10 New Designator=R3
Change Component Designator: Old Designator=R11 New Designator=R4
Change Component Designator: Old Designator=R13 New Designator=R5
Change Component Designator: Old Designator=R14 New Designator=R6
Change Component Designator: Old Designator=R15 New Designator=R7
Change Component Designator: Old Designator=U? New Designator=U1
