Added Component: Designator=U1(MP04A_N)
Added Component: Designator=U2(44A_M)
Added Component: Designator=U3(SOT-23-OT5_N)
Added Pin To Net: NetName=3V3 Pin=C3-1
Added Pin To Net: NetName=3V3 Pin=C7-2
Added Pin To Net: NetName=3V3 Pin=C8-2
Added Pin To Net: NetName=3V3 Pin=C9-2
Added Pin To Net: NetName=3V3 Pin=P3-2
Added Pin To Net: NetName=3V3 Pin=R3-2
Added Pin To Net: NetName=3V3 Pin=U1-2
Added Pin To Net: NetName=3V3 Pin=U1-4
Added Pin To Net: NetName=3V3 Pin=U2-9
Added Pin To Net: NetName=3V3 Pin=U2-19
Added Pin To Net: NetName=3V3 Pin=U2-31
Added Pin To Net: NetName=3V3 Pin=U2-39
Added Net: Name=3V3
Added Pin To Net: NetName=GND Pin=C1-2
Added Pin To Net: NetName=GND Pin=C2-1
Added Pin To Net: NetName=GND Pin=C3-2
Added Pin To Net: NetName=GND Pin=C4-1
Added Pin To Net: NetName=GND Pin=C5-1
Added Pin To Net: NetName=GND Pin=C6-2
Added Pin To Net: NetName=GND Pin=C7-1
Added Pin To Net: NetName=GND Pin=C8-1
Added Pin To Net: NetName=GND Pin=C9-1
Added Pin To Net: NetName=GND Pin=J1-1
Added Pin To Net: NetName=GND Pin=J2-5
Added Pin To Net: NetName=GND Pin=J2-shd
Added Pin To Net: NetName=GND Pin=J2-shd
Added Pin To Net: NetName=GND Pin=J2-shd
Added Pin To Net: NetName=GND Pin=J2-shd
Added Pin To Net: NetName=GND Pin=J2-shd
Added Pin To Net: NetName=GND Pin=J2-shd
Added Pin To Net: NetName=GND Pin=P1-1
Added Pin To Net: NetName=GND Pin=P2-1
Added Pin To Net: NetName=GND Pin=P3-6
Added Pin To Net: NetName=GND Pin=P4-1
Added Pin To Net: NetName=GND Pin=P5-1
Added Pin To Net: NetName=GND Pin=P6-4
Added Pin To Net: NetName=GND Pin=P7-1
Added Pin To Net: NetName=GND Pin=P8-1
Added Pin To Net: NetName=GND Pin=P9-1
Added Pin To Net: NetName=GND Pin=P10-1
Added Pin To Net: NetName=GND Pin=R1-1
Added Pin To Net: NetName=GND Pin=R4-1
Added Pin To Net: NetName=GND Pin=R5-1
Added Pin To Net: NetName=GND Pin=R6-1
Added Pin To Net: NetName=GND Pin=R7-1
Added Pin To Net: NetName=GND Pin=SW1-1
Added Pin To Net: NetName=GND Pin=SW1-1
Added Pin To Net: NetName=GND Pin=U1-1
Added Pin To Net: NetName=GND Pin=U2-8
Added Pin To Net: NetName=GND Pin=U2-18
Added Pin To Net: NetName=GND Pin=U2-30
Added Pin To Net: NetName=GND Pin=U2-38
Added Pin To Net: NetName=GND Pin=U3-2
Added Net: Name=GND
Added Pin To Net: NetName=IO_1 Pin=P1-3
Added Net: Name=IO_1
Added Pin To Net: NetName=IO_2 Pin=P4-3
Added Net: Name=IO_2
Added Pin To Net: NetName=IO_3 Pin=P7-3
Added Net: Name=IO_3
Added Pin To Net: NetName=IO_4 Pin=P9-3
Added Net: Name=IO_4
Added Pin To Net: NetName=IO_5 Pin=P2-3
Added Net: Name=IO_5
Added Pin To Net: NetName=IO_6 Pin=P5-3
Added Net: Name=IO_6
Added Pin To Net: NetName=IO_7 Pin=P8-3
Added Net: Name=IO_7
Added Pin To Net: NetName=IO_8 Pin=P10-3
Added Net: Name=IO_8
Added Pin To Net: NetName=LED1 Pin=D2-1
Added Pin To Net: NetName=LED1 Pin=U2-20
Added Net: Name=LED1
Added Pin To Net: NetName=LED2 Pin=D3-1
Added Pin To Net: NetName=LED2 Pin=U2-21
Added Net: Name=LED2
Added Pin To Net: NetName=LED3 Pin=D4-1
Added Pin To Net: NetName=LED3 Pin=U2-22
Added Net: Name=LED3
Added Pin To Net: NetName=LED4 Pin=D5-1
Added Pin To Net: NetName=LED4 Pin=U2-23
Added Net: Name=LED4
Added Pin To Net: NetName=NetD1_2 Pin=D1-2
Added Pin To Net: NetName=NetD1_2 Pin=R2-1
Added Net: Name=NetD1_2
Added Pin To Net: NetName=NetD2_2 Pin=D2-2
Added Pin To Net: NetName=NetD2_2 Pin=R4-2
Added Net: Name=NetD2_2
Added Pin To Net: NetName=NetD3_2 Pin=D3-2
Added Pin To Net: NetName=NetD3_2 Pin=R5-2
Added Net: Name=NetD3_2
Added Pin To Net: NetName=NetD4_2 Pin=D4-2
Added Pin To Net: NetName=NetD4_2 Pin=R6-2
Added Net: Name=NetD4_2
Added Pin To Net: NetName=NetD5_2 Pin=D5-2
Added Pin To Net: NetName=NetD5_2 Pin=R7-2
Added Net: Name=NetD5_2
Added Pin To Net: NetName=NetR1_2 Pin=R1-2
Added Pin To Net: NetName=NetR1_2 Pin=U3-5
Added Net: Name=NetR1_2
Added Pin To Net: NetName=NetR2_2 Pin=R2-2
Added Pin To Net: NetName=NetR2_2 Pin=U3-1
Added Net: Name=NetR2_2
Added Pin To Net: NetName=PDI_CLK Pin=P3-5
Added Pin To Net: NetName=PDI_CLK Pin=U2-35
Added Net: Name=PDI_CLK
Added Pin To Net: NetName=PDI_DATA Pin=P3-1
Added Pin To Net: NetName=PDI_DATA Pin=U2-34
Added Net: Name=PDI_DATA
Added Pin To Net: NetName=SCL Pin=P6-3
Added Pin To Net: NetName=SCL Pin=U2-29
Added Net: Name=SCL
Added Pin To Net: NetName=SDA Pin=P6-1
Added Pin To Net: NetName=SDA Pin=U2-28
Added Net: Name=SDA
Added Pin To Net: NetName=SW_PROGRAM Pin=C6-1
Added Pin To Net: NetName=SW_PROGRAM Pin=R3-1
Added Pin To Net: NetName=SW_PROGRAM Pin=SW1-2
Added Pin To Net: NetName=SW_PROGRAM Pin=SW1-2
Added Pin To Net: NetName=SW_PROGRAM Pin=U2-13
Added Net: Name=SW_PROGRAM
Added Pin To Net: NetName=USB_DM Pin=J2-2
Added Pin To Net: NetName=USB_DM Pin=U2-26
Added Net: Name=USB_DM
Added Pin To Net: NetName=USB_DP Pin=J2-3
Added Pin To Net: NetName=USB_DP Pin=U2-27
Added Net: Name=USB_DP
Added Pin To Net: NetName=V_BAT Pin=C1-1
Added Pin To Net: NetName=V_BAT Pin=C2-2
Added Pin To Net: NetName=V_BAT Pin=J1-2
Added Pin To Net: NetName=V_BAT Pin=U1-3
Added Pin To Net: NetName=V_BAT Pin=U3-3
Added Net: Name=V_BAT
Added Pin To Net: NetName=V_USB Pin=C4-2
Added Pin To Net: NetName=V_USB Pin=C5-2
Added Pin To Net: NetName=V_USB Pin=D1-1
Added Pin To Net: NetName=V_USB Pin=J2-1
Added Pin To Net: NetName=V_USB Pin=U3-4
Added Net: Name=V_USB
Added Pin To Net: NetName=VCC Pin=P1-2
Added Pin To Net: NetName=VCC Pin=P2-2
Added Pin To Net: NetName=VCC Pin=P4-2
Added Pin To Net: NetName=VCC Pin=P5-2
Added Pin To Net: NetName=VCC Pin=P6-2
Added Pin To Net: NetName=VCC Pin=P7-2
Added Pin To Net: NetName=VCC Pin=P8-2
Added Pin To Net: NetName=VCC Pin=P9-2
Added Pin To Net: NetName=VCC Pin=P10-2
Added Net: Name=VCC
Added Class: Name=DomOctopus
