Added Component: Designator=D1(R0603_L)
Added Component: Designator=D2(R0603_L)
Added Component: Designator=P1(HDR1X3)
Added Component: Designator=P2(BLOCK_CONNx3)
Added Component: Designator=Q1(TO-92A)
Added Component: Designator=R1(AXIAL-0.3)
Added Component: Designator=R2(R0603_L)
Added Component: Designator=R3(R0603_L)
Added Component: Designator=R4(R0603_L)
Added Component: Designator=U1(ZC_4-ZSIP)
Added Pin To Net: NetName=5V Pin=D1-1
Added Pin To Net: NetName=5V Pin=D2-1
Added Pin To Net: NetName=5V Pin=P1-2
Added Pin To Net: NetName=5V Pin=R1-2
Added Net: Name=5V
Added Pin To Net: NetName=CTRL_SIGNAL Pin=P1-1
Added Pin To Net: NetName=CTRL_SIGNAL Pin=R4-2
Added Net: Name=CTRL_SIGNAL
Added Pin To Net: NetName=GND Pin=P1-3
Added Pin To Net: NetName=GND Pin=Q1-1
Added Pin To Net: NetName=GND Pin=R3-2
Added Net: Name=GND
Added Pin To Net: NetName=NetD1_2 Pin=D1-2
Added Pin To Net: NetName=NetD1_2 Pin=R3-1
Added Net: Name=NetD1_2
Added Pin To Net: NetName=NetD2_2 Pin=D2-2
Added Pin To Net: NetName=NetD2_2 Pin=R2-2
Added Net: Name=NetD2_2
Added Pin To Net: NetName=NetP2_1 Pin=P2-1
Added Pin To Net: NetName=NetP2_1 Pin=P2-2
Added Pin To Net: NetName=NetP2_1 Pin=U1-1
Added Net: Name=NetP2_1
Added Pin To Net: NetName=NetP2_3 Pin=P2-3
Added Pin To Net: NetName=NetP2_3 Pin=U1-2
Added Net: Name=NetP2_3
Added Pin To Net: NetName=NetQ1_2 Pin=Q1-2
Added Pin To Net: NetName=NetQ1_2 Pin=R4-1
Added Net: Name=NetQ1_2
Added Pin To Net: NetName=NetQ1_3 Pin=Q1-3
Added Pin To Net: NetName=NetQ1_3 Pin=R2-1
Added Pin To Net: NetName=NetQ1_3 Pin=U1-4
Added Net: Name=NetQ1_3
Added Pin To Net: NetName=NetR1_1 Pin=R1-1
Added Pin To Net: NetName=NetR1_1 Pin=U1-3
Added Net: Name=NetR1_1
Added Class: Name=SSR_MODULE
