Added Component: Designator=D1(R0603_L)
Added Component: Designator=D2(R0603_L)
Added Component: Designator=D3(DO-41)
Added Component: Designator=P1(HDR1X3)
Added Component: Designator=P2(BLOCK_CONNX2)
Added Component: Designator=P3(BLOCK_CONNX2)
Added Component: Designator=Q1(TO-92A)
Added Component: Designator=R1(R0603_L)
Added Component: Designator=R2(R0603_L)
Added Component: Designator=R3(R0603_L)
Added Component: Designator=U1(RELAY)
Added Pin To Net: NetName=5V Pin=D1-1
Added Pin To Net: NetName=5V Pin=D2-1
Added Pin To Net: NetName=5V Pin=D3-2
Added Pin To Net: NetName=5V Pin=P1-2
Added Pin To Net: NetName=5V Pin=U1-2
Added Net: Name=5V
Added Pin To Net: NetName=CTRL_SIGNAL Pin=P1-1
Added Pin To Net: NetName=CTRL_SIGNAL Pin=R3-2
Added Net: Name=CTRL_SIGNAL
Added Pin To Net: NetName=GND Pin=P1-3
Added Pin To Net: NetName=GND Pin=Q1-1
Added Pin To Net: NetName=GND Pin=R2-2
Added Net: Name=GND
Added Pin To Net: NetName=NetD1_2 Pin=D1-2
Added Pin To Net: NetName=NetD1_2 Pin=R2-1
Added Net: Name=NetD1_2
Added Pin To Net: NetName=NetD2_2 Pin=D2-2
Added Pin To Net: NetName=NetD2_2 Pin=R1-2
Added Net: Name=NetD2_2
Added Pin To Net: NetName=NetD3_1 Pin=D3-1
Added Pin To Net: NetName=NetD3_1 Pin=Q1-3
Added Pin To Net: NetName=NetD3_1 Pin=R1-1
Added Pin To Net: NetName=NetD3_1 Pin=U1-5
Added Net: Name=NetD3_1
Added Pin To Net: NetName=NetP2_1 Pin=P2-1
Added Pin To Net: NetName=NetP2_1 Pin=P2-2
Added Pin To Net: NetName=NetP2_1 Pin=U1-1
Added Net: Name=NetP2_1
Added Pin To Net: NetName=NetP3_1 Pin=P3-1
Added Pin To Net: NetName=NetP3_1 Pin=U1-3
Added Net: Name=NetP3_1
Added Pin To Net: NetName=NetP3_2 Pin=P3-2
Added Pin To Net: NetName=NetP3_2 Pin=U1-4
Added Net: Name=NetP3_2
Added Pin To Net: NetName=NetQ1_2 Pin=Q1-2
Added Pin To Net: NetName=NetQ1_2 Pin=R3-1
Added Net: Name=NetQ1_2
Added Class: Name=RELAY_MODULE
